 Ich habe einige Fragen für dich. Es ist kein Test;Mit [Leertaste] gehts weiter;['space'];0
Zuerst möchte ich wissen ob du bestimmte Wörter ve;Mit [Leertaste] gehts weiter;['space'];0
Ich habe jetzt einige Beispiele für dich. Du sagst;Mit [Leertaste] gehts weiter;['space'];0
Wir hatten Beispiele für Sachen die unmöglich und ;[S]kip,[J]a, [N]ein, [K]eine Ahnung;['s', 'j', 'n', 'k'];1
Wir hatten Beispiele für Sachen die möglich und si;[S]kip,[J]a, [N]ein, [K]eine Ahnung;['s', 'j', 'n', 'k'];1
Wir hatten Beispiele für Sachen die möglich und un;[S]kip,[J]a, [N]ein, [K]eine Ahnung;['s', 'j', 'n', 'k'];1
1.Kann man sagen dass etwas wahrscheinlicher ist a;Mit [Leertaste] gehts weiter;['space'];0
Kann es Ereignisse geben die gleich wahrscheinlich;[S]kip,[J]a, [N]ein, [K]eine Ahnung, [H]ilfe;['s', 'j', 'n', 'k', 'h'];1
Ich habe wieder ein Paar Beispiele und ich möchte,;Mit [Leertaste] gehts weiter;['space'];0
Übermorgen regnet es      oder  Übermorgen schneit;[E]rsteres [Z]weiteres [G]leich,[K]eine Ahnung,[S];['s', 'e', 'z', 'g', 'k'];1
Ampel wird irgendwann rot      oder  Ampel wird ir;[E]rsteres [Z]weiteres [G]leich,[K]eine Ahnung,[S];['s', 'e', 'z', 'g', 'k'];1
Übermorgen regnet es      oder  Übermorgen hagelt ;[E]rsteres [Z]weiteres [G]leich,[K]eine Ahnung,[S];['s', 'e', 'z', 'g', 'k'];1
Sonne geht übermorgen auf      oder  Ampel wird ir;[E]rsteres [Z]weiteres [G]leich,[K]eine Ahnung,[S];['s', 'e', 'z', 'g', 'k'];3
Übermorgen schneit es      oder  Übermorgen hagelt;[E]rsteres [Z]weiteres [G]leich,[K]eine Ahnung,[S];['s', 'e', 'z', 'g', 'k'];2
Sonne geht übermorgen auf      oder  Ampel wird ir;[E]rsteres [Z]weiteres [G]leich,[K]eine Ahnung,[S];['s', 'e', 'z', 'g', 'k'];1
Stell dir vor, die Wissenschaftler haben ein neues;[S]kip,[J]a, [N]ein, [K]eine Ahnung;['s', 'j', 'n', 'k'];1
Dando und die Geräusche sind ausgedachte Sachen. M;[S]kip,[J]a, [N]ein, [K]eine Ahnung;['s', 'j', 'n', 'k'];2
Stell dir vor wir haben hier Sachen die alle mögli;[S]kip,[J]a, [N]ein, [K]eine Ahnung;['s', 'j', 'n', 'k'];1
Stell dir vor wir haben hier Sachen die alle unmög;[S]kip,[J]a, [N]ein, [K]eine Ahnung;['s', 'j', 'n', 'k'];1
Stell dir vor wir haben hier Sachen die alle siche;[S]kip,[J]a, [N]ein, [K]eine Ahnung;['s', 'j', 'n', 'k'];1
Kann es etwas geben das an sich nicht sicher ist u;[S]kip,[J]a, [N]ein, [K]eine Ahnung;['s', 'j', 'n', 'k'];1
Kann es etwas geben das an sich nicht unmöglich is;[S]kip,[J]a, [N]ein, [K]eine Ahnung;['s', 'j', 'n', 'k'];1
Hier siehst du eine Linie mit zehn Plätzen. In die;Mit [Leertaste] gehts weiter;['space'];0
Das heißt, du würdest sagen dass das [Beispiel vor;[S]kip,[J]a, [N]ein, [K]eine Ahnung;['s', 'j', 'n', 'k'];1
Hier siehst du eine lange Linie. In dieser Richtun;[S]kip,[J]a, [N]ein, [K]eine Ahnung;['s', 'j', 'n', 'k'];1
Ende;Mit [Leertaste] gehts weiter;['space'];0
0,1,2,3,4,5,6,7,8,7,6,7,8,9,10,11,12,13,14,15,16,17,18,19,20,21,22,23,24,25,26,[2, 1, 0]