 Ich habe einige Fragen für dich. Es ist kein Test;Mit [Leertaste] gehts weiter;['space'];0
Zuerst möchte ich wissen wie du bestimmte Wörter v;Mit [Leertaste] gehts weiter;['space'];0
Ich möchte mit dir einige Beispiele durchgehen. Du;Mit [Leertaste] gehts weiter;['space'];0
Kann ein Ereignis gleichzeitig möglich und wahrsch;[S]kip,[J]a, [N]ein, [K]eine Ahnung;['s', 'j', 'n', 'k'];1
Kann ein Ereignis gleichzeitig möglich und unwahrs;[S]kip,[J]a, [N]ein, [K]eine Ahnung;['s', 'j', 'n', 'k'];1
Kann ein Ereignis gleichzeitig unmöglich und unwah;[S]kip,[J]a, [N]ein, [K]eine Ahnung;['s', 'j', 'n', 'k'];1
Kann ein Ereignis gleichzeitig sicher und wahrsche;[S]kip,[J]a, [N]ein, [K]eine Ahnung;['s', 'j', 'n', 'k'];1
Kann ein Ereignis gleichzeitig wahrscheinlich und ;[S]kip,[J]a, [N]ein, [K]eine Ahnung;['s', 'j', 'n', 'k'];1
Kann ein Ereignis gleichzeitig möglich und unmögli;[S]kip,[J]a, [N]ein, [K]eine Ahnung;['s', 'j', 'n', 'k'];1
Kann ein Ereignis gleichzeitig möglich und sicher ;[S]kip,[J]a, [N]ein, [K]eine Ahnung;['s', 'j', 'n', 'k'];1
Kann ein Ereignis gleichzeitig unmöglich und wahrs;[S]kip,[J]a, [N]ein, [K]eine Ahnung;['s', 'j', 'n', 'k'];1
Kann ein Ereignis gleichzeitig sicher und unwahrsc;[S]kip,[J]a, [N]ein, [K]eine Ahnung;['s', 'j', 'n', 'k'];1
Kann ein Ereignis gleichzeitig unmöglich und siche;[S]kip,[J]a, [N]ein, [K]eine Ahnung;['s', 'j', 'n', 'k'];1
Was bedeutet wenn etwas wahrscheinlicher ist als e;Mit [Leertaste] gehts weiter;['space'];0
Kann es Ereignisse geben die gleich wahrscheinlich;[S]kip,[J]a, [N]ein, [K]eine Ahnung, [H]ilfe;['s', 'j', 'n', 'k', 'h'];1
Ich habe wieder ein Paar Beispiele und ich möchte,;Mit [Leertaste] gehts weiter;['space'];0
Übermorgen regnet es      oder  Übermorgen schneit;[E]rsteres [Z]weiteres [G]leich,[K]eine Ahnung,[S];['s', 'e', 'z', 'g', 'k'];1
Ampel wird irgendwann rot      oder  Ampel wird ir;[E]rsteres [Z]weiteres [G]leich,[K]eine Ahnung,[S];['s', 'e', 'z', 'g', 'k'];1
Übermorgen regnet es      oder  Übermorgen hagelt ;[E]rsteres [Z]weiteres [G]leich,[K]eine Ahnung,[S];['s', 'e', 'z', 'g', 'k'];1
Sonne geht übermorgen auf      oder  Ampel wird ir;[E]rsteres [Z]weiteres [G]leich,[K]eine Ahnung,[S];['s', 'e', 'z', 'g', 'k'];3
Übermorgen schneit es      oder  Übermorgen hagelt;[E]rsteres [Z]weiteres [G]leich,[K]eine Ahnung,[S];['s', 'e', 'z', 'g', 'k'];1
Sonne geht übermorgen auf      oder  Ampel wird ir;[E]rsteres [Z]weiteres [G]leich,[K]eine Ahnung,[S];['s', 'e', 'z', 'g', 'k'];1
Wird Transitivität erwartet?  (Transitivität :Wenn;[S]kip,[J]a, [N]ein, [K]eine Ahnung;['s', 'j', 'n', 'k'];1
Ist Transitivität zwingend?;[S]kip,[J]a, [N]ein, [K]eine Ahnung;['s', 'j', 'n', 'k'];1
Sind alle möglichen Ereignisse gleich wahrscheinli;[S]kip,[J]a, [N]ein, [K]eine Ahnung;['s', 'j', 'n', 'k'];1
Sind alle unmöglichen Ereignisse gleich wahrschein;[S]kip,[J]a, [N]ein, [K]eine Ahnung;['s', 'j', 'n', 'k'];1
Sind alle sicheren Ereignisse gleich wahrscheinlic;[S]kip,[J]a, [N]ein, [K]eine Ahnung;['s', 'j', 'n', 'k'];1
Gibt es ein Ereignis  das total wahrscheinlich ist;[S]kip,[J]a, [N]ein, [K]eine Ahnung;['s', 'j', 'n', 'k'];1
Gibt es ein Ereignis das total unwahrscheinlich is;[S]kip,[J]a, [N]ein, [K]eine Ahnung;['s', 'j', 'n', 'k'];1
Kann es ein Ereignis geben, dass wahrscheinlicher ;[S]kip,[J]a, [N]ein, [K]eine Ahnung;['s', 'j', 'n', 'k'];2
Kann es ein Ereignis geben, dass weniger wahrschei;[S]kip,[J]a, [N]ein, [K]eine Ahnung;['s', 'j', 'n', 'k'];3
Hier siehst du eine Linie mit zehn plätzen.  Deine;[S]kip,[J]a, [N]ein, [K]eine Ahnung;['s', 'j', 'n', 'k'];1
Hier siehst du eine Linie. Diese geht von unmöglic;[S]kip,[J]a, [N]ein, [K]eine Ahnung;['s', 'j', 'n', 'k'];1
Ende: Glücksrad Bingo;Mit [Leertaste] gehts weiter;['space'];0
0,1,2,3,4,5,6,7,8,9,10,11,12,13,14,13,14,15,16,17,18,19,20,21,22,23,24,25,26,27,28,29,30,31,32,33,34,[5, 6, 0, 1, 9, 7, 2, 3, 8, 4]